{"timestamp":"2025-07-07T00:46:26.745965","level":"info","event":"DAG bundles loaded: dags-folder, example_dags","logger":"airflow.dag_processing.bundles.manager.DagBundlesManager"}
{"timestamp":"2025-07-07T00:46:26.746786","level":"info","event":"Filling up the DagBag from /root/Development/Airflow/.venv/lib/python3.12/site-packages/airflow/example_dags/tutorial.py","logger":"airflow.models.dagbag.DagBag"}
{"timestamp":"2025-07-07T00:46:26.765727","level":"info","event":"Tmp dir root location: /tmp","logger":"airflow.task.hooks.airflow.providers.standard.hooks.subprocess.SubprocessHook"}
{"timestamp":"2025-07-07T00:46:26.767234","level":"info","event":"Running command: ['/usr/bin/bash', '-c', '\\n\\n    echo \"2025-07-07\"\\n    echo \"2025-07-14\"\\n\\n    echo \"2025-07-07\"\\n    echo \"2025-07-14\"\\n\\n    echo \"2025-07-07\"\\n    echo \"2025-07-14\"\\n\\n    echo \"2025-07-07\"\\n    echo \"2025-07-14\"\\n\\n    echo \"2025-07-07\"\\n    echo \"2025-07-14\"\\n']","logger":"airflow.task.hooks.airflow.providers.standard.hooks.subprocess.SubprocessHook"}
{"timestamp":"2025-07-07T00:46:26.810412Z","level":"info","event":"Task instance is in running state","chan":"stdout","logger":"task"}
{"timestamp":"2025-07-07T00:46:26.810579Z","level":"info","event":" Previous state of the Task instance: TaskInstanceState.QUEUED","chan":"stdout","logger":"task"}
{"timestamp":"2025-07-07T00:46:26.810639Z","level":"info","event":"Current task name:templated","chan":"stdout","logger":"task"}
{"timestamp":"2025-07-07T00:46:26.810682Z","level":"info","event":"Dag name:tutorial","chan":"stdout","logger":"task"}
{"timestamp":"2025-07-07T00:46:26.810721Z","level":"info","event":"Task instance in success state","chan":"stdout","logger":"task"}
{"timestamp":"2025-07-07T00:46:26.810760Z","level":"info","event":" Previous state of the Task instance: TaskInstanceState.RUNNING","chan":"stdout","logger":"task"}
{"timestamp":"2025-07-07T00:46:26.810797Z","level":"info","event":"Task operator:<Task(BashOperator): templated>","chan":"stdout","logger":"task"}
{"timestamp":"2025-07-07T00:46:26.781702","level":"info","event":"Output:","logger":"airflow.task.hooks.airflow.providers.standard.hooks.subprocess.SubprocessHook"}
{"timestamp":"2025-07-07T00:46:26.782758","level":"info","event":"2025-07-07","logger":"airflow.task.hooks.airflow.providers.standard.hooks.subprocess.SubprocessHook"}
{"timestamp":"2025-07-07T00:46:26.782900","level":"info","event":"2025-07-14","logger":"airflow.task.hooks.airflow.providers.standard.hooks.subprocess.SubprocessHook"}
{"timestamp":"2025-07-07T00:46:26.782952","level":"info","event":"2025-07-07","logger":"airflow.task.hooks.airflow.providers.standard.hooks.subprocess.SubprocessHook"}
{"timestamp":"2025-07-07T00:46:26.782999","level":"info","event":"2025-07-14","logger":"airflow.task.hooks.airflow.providers.standard.hooks.subprocess.SubprocessHook"}
{"timestamp":"2025-07-07T00:46:26.783050","level":"info","event":"2025-07-07","logger":"airflow.task.hooks.airflow.providers.standard.hooks.subprocess.SubprocessHook"}
{"timestamp":"2025-07-07T00:46:26.783178","level":"info","event":"2025-07-14","logger":"airflow.task.hooks.airflow.providers.standard.hooks.subprocess.SubprocessHook"}
{"timestamp":"2025-07-07T00:46:26.783267","level":"info","event":"2025-07-07","logger":"airflow.task.hooks.airflow.providers.standard.hooks.subprocess.SubprocessHook"}
{"timestamp":"2025-07-07T00:46:26.783360","level":"info","event":"2025-07-14","logger":"airflow.task.hooks.airflow.providers.standard.hooks.subprocess.SubprocessHook"}
{"timestamp":"2025-07-07T00:46:26.783444","level":"info","event":"2025-07-07","logger":"airflow.task.hooks.airflow.providers.standard.hooks.subprocess.SubprocessHook"}
{"timestamp":"2025-07-07T00:46:26.783632","level":"info","event":"2025-07-14","logger":"airflow.task.hooks.airflow.providers.standard.hooks.subprocess.SubprocessHook"}
{"timestamp":"2025-07-07T00:46:26.783875","level":"info","event":"Command exited with return code 0","logger":"airflow.task.hooks.airflow.providers.standard.hooks.subprocess.SubprocessHook"}
{"timestamp":"2025-07-07T00:46:26.785418","level":"info","event":"Pushing xcom","ti":"RuntimeTaskInstance(id=UUID('0197e259-3072-7e24-99cf-288688bf807c'), task_id='templated', dag_id='tutorial', run_id='scheduled__2025-07-07T00:46:24.759078+00:00', try_number=1, map_index=-1, hostname='LAPTOP-3R0QV95T.localdomain', context_carrier=None, task=<Task(BashOperator): templated>, bundle_instance=LocalDagBundle(name=example_dags), max_tries=1, start_date=datetime.datetime(2025, 7, 7, 0, 46, 26, 686919, tzinfo=TzInfo(UTC)), end_date=None, state=<TaskInstanceState.RUNNING: 'running'>, is_mapped=False, rendered_map_index=None)","logger":"task"}
